C:\USERS\PRYD0008\DESKTOP\HEALTH_ALERT\OUTPUT\DEBUG\OPENGLPROJECT.EXE
C:\USERS\PRYD0008\DESKTOP\HEALTH_ALERT\OUTPUT\DEBUG\OPENGLPROJECT.ILK
C:\USERS\PRYD0008\DESKTOP\HEALTH_ALERT\OUTPUT\DEBUG\OPENGLPROJECT.PDB
C:\USERS\PRYD0008\DESKTOP\HEALTH_ALERT\OUTPUT\INT\DEBUG\GAMECORE.OBJ
C:\USERS\PRYD0008\DESKTOP\HEALTH_ALERT\OUTPUT\INT\DEBUG\GLEXTENSIONS.OBJ
C:\USERS\PRYD0008\DESKTOP\HEALTH_ALERT\OUTPUT\INT\DEBUG\HELPERS.OBJ
C:\USERS\PRYD0008\DESKTOP\HEALTH_ALERT\OUTPUT\INT\DEBUG\LODEPNG.OBJ
C:\USERS\PRYD0008\DESKTOP\HEALTH_ALERT\OUTPUT\INT\DEBUG\OPENGLPROJECT.EXE.INTERMEDIATE.MANIFEST
C:\USERS\PRYD0008\DESKTOP\HEALTH_ALERT\OUTPUT\INT\DEBUG\OPENGLPROJECT.PCH
C:\USERS\PRYD0008\DESKTOP\HEALTH_ALERT\OUTPUT\INT\DEBUG\SHADERPROGRAM.OBJ
C:\USERS\PRYD0008\DESKTOP\HEALTH_ALERT\OUTPUT\INT\DEBUG\VC100.PDB
C:\USERS\PRYD0008\DESKTOP\HEALTH_ALERT\OUTPUT\INT\DEBUG\WINMAIN.OBJ
C:\USERS\PRYD0008\DESKTOP\WHITETRIANGLEBASE\OUTPUT\DEBUG\OPENGLPROJECT.EXE
C:\USERS\PRYD0008\DESKTOP\WHITETRIANGLEBASE\OUTPUT\DEBUG\OPENGLPROJECT.ILK
C:\USERS\PRYD0008\DESKTOP\WHITETRIANGLEBASE\OUTPUT\DEBUG\OPENGLPROJECT.PDB
C:\USERS\PRYD0008\DESKTOP\WHITETRIANGLEBASE\OUTPUT\INT\DEBUG\GAMECORE.OBJ
C:\USERS\PRYD0008\DESKTOP\WHITETRIANGLEBASE\OUTPUT\INT\DEBUG\GLEXTENSIONS.OBJ
C:\USERS\PRYD0008\DESKTOP\WHITETRIANGLEBASE\OUTPUT\INT\DEBUG\HELPERS.OBJ
C:\USERS\PRYD0008\DESKTOP\WHITETRIANGLEBASE\OUTPUT\INT\DEBUG\LODEPNG.OBJ
C:\USERS\PRYD0008\DESKTOP\WHITETRIANGLEBASE\OUTPUT\INT\DEBUG\OPENGLPROJECT.EXE.INTERMEDIATE.MANIFEST
C:\USERS\PRYD0008\DESKTOP\WHITETRIANGLEBASE\OUTPUT\INT\DEBUG\OPENGLPROJECT.PCH
C:\USERS\PRYD0008\DESKTOP\WHITETRIANGLEBASE\OUTPUT\INT\DEBUG\SHADERPROGRAM.OBJ
C:\USERS\PRYD0008\DESKTOP\WHITETRIANGLEBASE\OUTPUT\INT\DEBUG\VC100.PDB
C:\USERS\PRYD0008\DESKTOP\WHITETRIANGLEBASE\OUTPUT\INT\DEBUG\WINMAIN.OBJ
C:\Users\Thomas\Desktop\Health_Alert\\Output\Debug\OpenGLProject.exe
C:\Users\Thomas\Desktop\Health_Alert\\Output\Debug\OpenGLProject.ilk
C:\Users\Thomas\Desktop\Health_Alert\\Output\Debug\OpenGLProject.pdb
C:\USERS\THOMAS\DESKTOP\HEALTH_ALERT\OUTPUT\DEBUG\OPENGLPROJECT.EXE
C:\USERS\THOMAS\DESKTOP\HEALTH_ALERT\OUTPUT\DEBUG\OPENGLPROJECT.ILK
C:\USERS\THOMAS\DESKTOP\HEALTH_ALERT\OUTPUT\DEBUG\OPENGLPROJECT.PDB
C:\Users\Thomas\Desktop\Health_Alert\Output\Int\Debug\cl.command.1.tlog
C:\Users\Thomas\Desktop\Health_Alert\Output\Int\Debug\CL.read.1.tlog
C:\Users\Thomas\Desktop\Health_Alert\Output\Int\Debug\CL.write.1.tlog
C:\USERS\THOMAS\DESKTOP\HEALTH_ALERT\OUTPUT\INT\DEBUG\GAMECORE.OBJ
C:\USERS\THOMAS\DESKTOP\HEALTH_ALERT\OUTPUT\INT\DEBUG\GLEXTENSIONS.OBJ
C:\USERS\THOMAS\DESKTOP\HEALTH_ALERT\OUTPUT\INT\DEBUG\HELPERS.OBJ
C:\Users\Thomas\Desktop\Health_Alert\Output\Int\Debug\link.command.1.tlog
C:\Users\Thomas\Desktop\Health_Alert\Output\Int\Debug\link.read.1.tlog
C:\Users\Thomas\Desktop\Health_Alert\Output\Int\Debug\link.write.1.tlog
C:\USERS\THOMAS\DESKTOP\HEALTH_ALERT\OUTPUT\INT\DEBUG\LODEPNG.OBJ
C:\Users\Thomas\Desktop\Health_Alert\Output\Int\Debug\mt.command.1.tlog
C:\Users\Thomas\Desktop\Health_Alert\Output\Int\Debug\mt.read.1.tlog
C:\Users\Thomas\Desktop\Health_Alert\Output\Int\Debug\mt.write.1.tlog
C:\USERS\THOMAS\DESKTOP\HEALTH_ALERT\OUTPUT\INT\DEBUG\OPENGLPROJECT.EXE.INTERMEDIATE.MANIFEST
C:\USERS\THOMAS\DESKTOP\HEALTH_ALERT\OUTPUT\INT\DEBUG\OPENGLPROJECT.PCH
C:\Users\Thomas\Desktop\Health_Alert\Output\Int\Debug\OpenGLProject.vcxprojResolveAssemblyReference.cache
C:\Users\Thomas\Desktop\Health_Alert\Output\Int\Debug\OpenGLProject.write.1.tlog
C:\USERS\THOMAS\DESKTOP\HEALTH_ALERT\OUTPUT\INT\DEBUG\SHADERPROGRAM.OBJ
C:\Users\Thomas\Desktop\Health_Alert\Output\Int\Debug\vc100.idb
C:\USERS\THOMAS\DESKTOP\HEALTH_ALERT\OUTPUT\INT\DEBUG\VC100.PDB
C:\USERS\THOMAS\DESKTOP\HEALTH_ALERT\OUTPUT\INT\DEBUG\WINMAIN.OBJ
